# JRE version: OpenJDK Runtime Environment (8.0_242-b01) (build 1.8.0_242-release-1644-b01)
# Java VM: OpenJDK 64-Bit Server VM (25.242-b01 mixed mode windows-amd64 compressed oops)
Heap:
 PSYoungGen      total 392704K, used 167668K [0x00000000d5580000, 0x00000000fd480000, 0x0000000100000000)
  eden space 159744K, 52% used [0x00000000d5580000,0x00000000da73fde0,0x00000000df180000)
  from space 232960K, 36% used [0x00000000df180000,0x00000000e437d5a0,0x00000000ed500000)
  to   space 232960K, 0% used [0x00000000ef100000,0x00000000ef100000,0x00000000fd480000)
 ParOldGen       total 289792K, used 195291K [0x0000000080000000, 0x0000000091b00000, 0x00000000d5580000)
  object space 289792K, 67% used [0x0000000080000000,0x000000008beb6ec8,0x0000000091b00000)
 Metaspace       used 107208K, capacity 115980K, committed 116568K, reserved 1150976K
  class space    used 13646K, capacity 15020K, committed 15232K, reserved 1048576K
GC Heap History (10 events):
Event: 10028.420 GC heap before
{Heap before GC invocations=52 (full 5):
 PSYoungGen      total 329216K, used 165883K [0x00000000d5580000, 0x00000000f9680000, 0x0000000100000000)
  eden space 163328K, 0% used [0x00000000d5580000,0x00000000d5580000,0x00000000df500000)
  from space 165888K, 99% used [0x00000000df500000,0x00000000e96fef28,0x00000000e9700000)
  to   space 198144K, 0% used [0x00000000ed500000,0x00000000ed500000,0x00000000f9680000)
 ParOldGen       total 289792K, used 266792K [0x0000000080000000, 0x0000000091b00000, 0x00000000d5580000)
  object space 289792K, 92% used [0x0000000080000000,0x000000009048a3d8,0x0000000091b00000)
 Metaspace       used 107157K, capacity 116124K, committed 116312K, reserved 1150976K
  class space    used 13703K, capacity 15132K, committed 15232K, reserved 1048576K
Event: 10029.166 GC heap after
Heap after GC invocations=52 (full 5):
 PSYoungGen      total 329216K, used 0K [0x00000000d5580000, 0x00000000f9680000, 0x0000000100000000)
  eden space 163328K, 0% used [0x00000000d5580000,0x00000000d5580000,0x00000000df500000)
  from space 165888K, 0% used [0x00000000df500000,0x00000000df500000,0x00000000e9700000)
  to   space 198144K, 0% used [0x00000000ed500000,0x00000000ed500000,0x00000000f9680000)
 ParOldGen       total 289792K, used 195275K [0x0000000080000000, 0x0000000091b00000, 0x00000000d5580000)
  object space 289792K, 67% used [0x0000000080000000,0x000000008beb2ec8,0x0000000091b00000)
 Metaspace       used 106888K, capacity 115642K, committed 116312K, reserved 1150976K
  class space    used 13622K, capacity 14981K, committed 15232K, reserved 1048576K
}
Event: 10029.735 GC heap before
{Heap before GC invocations=53 (full 5):
 PSYoungGen      total 329216K, used 163328K [0x00000000d5580000, 0x00000000f9680000, 0x0000000100000000)
  eden space 163328K, 100% used [0x00000000d5580000,0x00000000df500000,0x00000000df500000)
  from space 165888K, 0% used [0x00000000df500000,0x00000000df500000,0x00000000e9700000)
  to   space 198144K, 0% used [0x00000000ed500000,0x00000000ed500000,0x00000000f9680000)
 ParOldGen       total 289792K, used 195275K [0x0000000080000000, 0x0000000091b00000, 0x00000000d5580000)
  object space 289792K, 67% used [0x0000000080000000,0x000000008beb2ec8,0x0000000091b00000)
 Metaspace       used 106932K, capacity 115654K, committed 116312K, reserved 1150976K
  class space    used 13623K, capacity 14983K, committed 15232K, reserved 1048576K
Event: 10029.749 GC heap after
Heap after GC invocations=53 (full 5):
 PSYoungGen      total 361472K, used 31176K [0x00000000d5580000, 0x00000000f9680000, 0x0000000100000000)
  eden space 163328K, 0% used [0x00000000d5580000,0x00000000d5580000,0x00000000df500000)
  from space 198144K, 15% used [0x00000000ed500000,0x00000000ef372050,0x00000000f9680000)
  to   space 165888K, 0% used [0x00000000df500000,0x00000000df500000,0x00000000e9700000)
 ParOldGen       total 289792K, used 195275K [0x0000000080000000, 0x0000000091b00000, 0x00000000d5580000)
  object space 289792K, 67% used [0x0000000080000000,0x000000008beb2ec8,0x0000000091b00000)
 Metaspace       used 106932K, capacity 115654K, committed 116312K, reserved 1150976K
  class space    used 13623K, capacity 14983K, committed 15232K, reserved 1048576K
}
Event: 10039.437 GC heap before
{Heap before GC invocations=54 (full 5):
 PSYoungGen      total 361472K, used 194504K [0x00000000d5580000, 0x00000000f9680000, 0x0000000100000000)
  eden space 163328K, 100% used [0x00000000d5580000,0x00000000df500000,0x00000000df500000)
  from space 198144K, 15% used [0x00000000ed500000,0x00000000ef372050,0x00000000f9680000)
  to   space 165888K, 0% used [0x00000000df500000,0x00000000df500000,0x00000000e9700000)
 ParOldGen       total 289792K, used 195275K [0x0000000080000000, 0x0000000091b00000, 0x00000000d5580000)
  object space 289792K, 67% used [0x0000000080000000,0x000000008beb2ec8,0x0000000091b00000)
 Metaspace       used 107148K, capacity 115962K, committed 116568K, reserved 1150976K
  class space    used 13645K, capacity 15019K, committed 15232K, reserved 1048576K
Event: 10039.461 GC heap after
Heap after GC invocations=54 (full 5):
 PSYoungGen      total 329216K, used 15782K [0x00000000d5580000, 0x00000000f9680000, 0x0000000100000000)
  eden space 163328K, 0% used [0x00000000d5580000,0x00000000d5580000,0x00000000df500000)
  from space 165888K, 9% used [0x00000000df500000,0x00000000e0469ac0,0x00000000e9700000)
  to   space 198144K, 0% used [0x00000000ed500000,0x00000000ed500000,0x00000000f9680000)
 ParOldGen       total 289792K, used 195283K [0x0000000080000000, 0x0000000091b00000, 0x00000000d5580000)
  object space 289792K, 67% used [0x0000000080000000,0x000000008beb4ec8,0x0000000091b00000)
 Metaspace       used 107148K, capacity 115962K, committed 116568K, reserved 1150976K
  class space    used 13645K, capacity 15019K, committed 15232K, reserved 1048576K
}
Event: 10040.903 GC heap before
{Heap before GC invocations=55 (full 5):
 PSYoungGen      total 329216K, used 179110K [0x00000000d5580000, 0x00000000f9680000, 0x0000000100000000)
  eden space 163328K, 100% used [0x00000000d5580000,0x00000000df500000,0x00000000df500000)
  from space 165888K, 9% used [0x00000000df500000,0x00000000e0469ac0,0x00000000e9700000)
  to   space 198144K, 0% used [0x00000000ed500000,0x00000000ed500000,0x00000000f9680000)
 ParOldGen       total 289792K, used 195283K [0x0000000080000000, 0x0000000091b00000, 0x00000000d5580000)
  object space 289792K, 67% used [0x0000000080000000,0x000000008beb4ec8,0x0000000091b00000)
 Metaspace       used 107199K, capacity 115968K, committed 116568K, reserved 1150976K
  class space    used 13646K, capacity 15020K, committed 15232K, reserved 1048576K
Event: 10040.926 GC heap after
Heap after GC invocations=55 (full 5):
 PSYoungGen      total 357888K, used 9116K [0x00000000d5580000, 0x00000000fd900000, 0x0000000100000000)
  eden space 159744K, 0% used [0x00000000d5580000,0x00000000d5580000,0x00000000df180000)
  from space 198144K, 4% used [0x00000000ed500000,0x00000000edde7008,0x00000000f9680000)
  to   space 232960K, 0% used [0x00000000df180000,0x00000000df180000,0x00000000ed500000)
 ParOldGen       total 289792K, used 195283K [0x0000000080000000, 0x0000000091b00000, 0x00000000d5580000)
  object space 289792K, 67% used [0x0000000080000000,0x000000008beb4ec8,0x0000000091b00000)
 Metaspace       used 107199K, capacity 115968K, committed 116568K, reserved 1150976K
  class space    used 13646K, capacity 15020K, committed 15232K, reserved 1048576K
}
Event: 10042.241 GC heap before
{Heap before GC invocations=56 (full 5):
 PSYoungGen      total 357888K, used 168860K [0x00000000d5580000, 0x00000000fd900000, 0x0000000100000000)
  eden space 159744K, 100% used [0x00000000d5580000,0x00000000df180000,0x00000000df180000)
  from space 198144K, 4% used [0x00000000ed500000,0x00000000edde7008,0x00000000f9680000)
  to   space 232960K, 0% used [0x00000000df180000,0x00000000df180000,0x00000000ed500000)
 ParOldGen       total 289792K, used 195283K [0x0000000080000000, 0x0000000091b00000, 0x00000000d5580000)
  object space 289792K, 67% used [0x0000000080000000,0x000000008beb4ec8,0x0000000091b00000)
 Metaspace       used 107206K, capacity 115976K, committed 116568K, reserved 1150976K
  class space    used 13646K, capacity 15020K, committed 15232K, reserved 1048576K
Event: 10042.288 GC heap after
Heap after GC invocations=56 (full 5):
 PSYoungGen      total 392704K, used 83957K [0x00000000d5580000, 0x00000000fd480000, 0x0000000100000000)
  eden space 159744K, 0% used [0x00000000d5580000,0x00000000d5580000,0x00000000df180000)
  from space 232960K, 36% used [0x00000000df180000,0x00000000e437d5a0,0x00000000ed500000)
  to   space 232960K, 0% used [0x00000000ef100000,0x00000000ef100000,0x00000000fd480000)
 ParOldGen       total 289792K, used 195291K [0x0000000080000000, 0x0000000091b00000, 0x00000000d5580000)
  object space 289792K, 67% used [0x0000000080000000,0x000000008beb6ec8,0x0000000091b00000)
 Metaspace       used 107206K, capacity 115976K, committed 116568K, reserved 1150976K
  class space    used 13646K, capacity 15020K, committed 15232K, reserved 1048576K
}

